# JRE version: OpenJDK Runtime Environment Temurin-21.0.8+9 (21.0.8+9) (build 21.0.8+9-LTS)
# Java VM: OpenJDK 64-Bit Server VM Temurin-21.0.8+9 (21.0.8+9-LTS, mixed mode, sharing, tiered, compressed oops, compressed class ptrs, parallel gc, windows-amd64)
GC Precious Log:
 CardTable entry size: 512
 CPUs: 12 total, 12 available
 Memory: 16181M
 Large Page Support: Disabled
 NUMA Support: Disabled
 Compressed Oops: Enabled (32-bit)
 Alignments: Space 512K, Generation 512K, Heap 2M
 Heap Min Capacity: 100M
 Heap Initial Capacity: 100M
 Heap Max Capacity: 2G
 Pre-touch: Disabled
 Parallel Workers: 10
Heap:
 PSYoungGen      total 22528K, used 17283K [0x00000000d5580000, 0x00000000d6d00000, 0x0000000100000000)
  eden space 20992K, 76% used [0x00000000d5580000,0x00000000d6543eb8,0x00000000d6a00000)
  from space 1536K, 74% used [0x00000000d6a00000,0x00000000d6b1d108,0x00000000d6b80000)
  to   space 1536K, 0% used [0x00000000d6b80000,0x00000000d6b80000,0x00000000d6d00000)
 ParOldGen       total 68608K, used 29608K [0x0000000080000000, 0x0000000084300000, 0x00000000d5580000)
  object space 68608K, 43% used [0x0000000080000000,0x0000000081cea390,0x0000000084300000)
 Metaspace       used 38348K, committed 39296K, reserved 1114112K
  class space    used 3907K, committed 4288K, reserved 1048576K
GC Heap History (20 events):
Event: 7.944 GC heap before
{Heap before GC invocations=12 (full 1):
 PSYoungGen      total 26112K, used 25742K [0x00000000d5580000, 0x00000000d7480000, 0x0000000100000000)
  eden space 22528K, 100% used [0x00000000d5580000,0x00000000d6b80000,0x00000000d6b80000)
  from space 3584K, 89% used [0x00000000d7100000,0x00000000d7423b38,0x00000000d7480000)
  to   space 4096K, 0% used [0x00000000d6c80000,0x00000000d6c80000,0x00000000d7080000)
 ParOldGen       total 68608K, used 12927K [0x0000000080000000, 0x0000000084300000, 0x00000000d5580000)
  object space 68608K, 18% used [0x0000000080000000,0x0000000080c9ffd0,0x0000000084300000)
 Metaspace       used 32114K, committed 33024K, reserved 1114112K
  class space    used 3293K, committed 3712K, reserved 1048576K
}
Event: 7.947 GC heap after
{Heap after GC invocations=12 (full 1):
 PSYoungGen      total 25088K, used 2737K [0x00000000d5580000, 0x00000000d7180000, 0x0000000100000000)
  eden space 22016K, 0% used [0x00000000d5580000,0x00000000d5580000,0x00000000d6b00000)
  from space 3072K, 89% used [0x00000000d6c80000,0x00000000d6f2c460,0x00000000d6f80000)
  to   space 2048K, 0% used [0x00000000d6f80000,0x00000000d6f80000,0x00000000d7180000)
 ParOldGen       total 68608K, used 16004K [0x0000000080000000, 0x0000000084300000, 0x00000000d5580000)
  object space 68608K, 23% used [0x0000000080000000,0x0000000080fa12b0,0x0000000084300000)
 Metaspace       used 32114K, committed 33024K, reserved 1114112K
  class space    used 3293K, committed 3712K, reserved 1048576K
}
Event: 7.981 GC heap before
{Heap before GC invocations=13 (full 1):
 PSYoungGen      total 25088K, used 24753K [0x00000000d5580000, 0x00000000d7180000, 0x0000000100000000)
  eden space 22016K, 100% used [0x00000000d5580000,0x00000000d6b00000,0x00000000d6b00000)
  from space 3072K, 89% used [0x00000000d6c80000,0x00000000d6f2c460,0x00000000d6f80000)
  to   space 2048K, 0% used [0x00000000d6f80000,0x00000000d6f80000,0x00000000d7180000)
 ParOldGen       total 68608K, used 16004K [0x0000000080000000, 0x0000000084300000, 0x00000000d5580000)
  object space 68608K, 23% used [0x0000000080000000,0x0000000080fa12b0,0x0000000084300000)
 Metaspace       used 32129K, committed 33024K, reserved 1114112K
  class space    used 3293K, committed 3712K, reserved 1048576K
}
Event: 7.984 GC heap after
{Heap after GC invocations=13 (full 1):
 PSYoungGen      total 23040K, used 2018K [0x00000000d5580000, 0x00000000d7600000, 0x0000000100000000)
  eden space 20992K, 0% used [0x00000000d5580000,0x00000000d5580000,0x00000000d6a00000)
  from space 2048K, 98% used [0x00000000d6f80000,0x00000000d7178810,0x00000000d7180000)
  to   space 5632K, 0% used [0x00000000d6a00000,0x00000000d6a00000,0x00000000d6f80000)
 ParOldGen       total 68608K, used 19148K [0x0000000080000000, 0x0000000084300000, 0x00000000d5580000)
  object space 68608K, 27% used [0x0000000080000000,0x00000000812b31f0,0x0000000084300000)
 Metaspace       used 32129K, committed 33024K, reserved 1114112K
  class space    used 3293K, committed 3712K, reserved 1048576K
}
Event: 8.011 GC heap before
{Heap before GC invocations=14 (full 1):
 PSYoungGen      total 23040K, used 23010K [0x00000000d5580000, 0x00000000d7600000, 0x0000000100000000)
  eden space 20992K, 100% used [0x00000000d5580000,0x00000000d6a00000,0x00000000d6a00000)
  from space 2048K, 98% used [0x00000000d6f80000,0x00000000d7178810,0x00000000d7180000)
  to   space 5632K, 0% used [0x00000000d6a00000,0x00000000d6a00000,0x00000000d6f80000)
 ParOldGen       total 68608K, used 19148K [0x0000000080000000, 0x0000000084300000, 0x00000000d5580000)
  object space 68608K, 27% used [0x0000000080000000,0x00000000812b31f0,0x0000000084300000)
 Metaspace       used 32153K, committed 33088K, reserved 1114112K
  class space    used 3293K, committed 3712K, reserved 1048576K
}
Event: 8.013 GC heap after
{Heap after GC invocations=14 (full 1):
 PSYoungGen      total 23552K, used 2308K [0x00000000d5580000, 0x00000000d7100000, 0x0000000100000000)
  eden space 20992K, 0% used [0x00000000d5580000,0x00000000d5580000,0x00000000d6a00000)
  from space 2560K, 90% used [0x00000000d6a00000,0x00000000d6c41000,0x00000000d6c80000)
  to   space 3584K, 0% used [0x00000000d6d80000,0x00000000d6d80000,0x00000000d7100000)
 ParOldGen       total 68608K, used 21089K [0x0000000080000000, 0x0000000084300000, 0x00000000d5580000)
  object space 68608K, 30% used [0x0000000080000000,0x0000000081498560,0x0000000084300000)
 Metaspace       used 32153K, committed 33088K, reserved 1114112K
  class space    used 3293K, committed 3712K, reserved 1048576K
}
Event: 8.047 GC heap before
{Heap before GC invocations=15 (full 1):
 PSYoungGen      total 23552K, used 23300K [0x00000000d5580000, 0x00000000d7100000, 0x0000000100000000)
  eden space 20992K, 100% used [0x00000000d5580000,0x00000000d6a00000,0x00000000d6a00000)
  from space 2560K, 90% used [0x00000000d6a00000,0x00000000d6c41000,0x00000000d6c80000)
  to   space 3584K, 0% used [0x00000000d6d80000,0x00000000d6d80000,0x00000000d7100000)
 ParOldGen       total 68608K, used 21089K [0x0000000080000000, 0x0000000084300000, 0x00000000d5580000)
  object space 68608K, 30% used [0x0000000080000000,0x0000000081498560,0x0000000084300000)
 Metaspace       used 32195K, committed 33088K, reserved 1114112K
  class space    used 3294K, committed 3712K, reserved 1048576K
}
Event: 8.050 GC heap after
{Heap after GC invocations=15 (full 1):
 PSYoungGen      total 23552K, used 2464K [0x00000000d5580000, 0x00000000d7000000, 0x0000000100000000)
  eden space 20992K, 0% used [0x00000000d5580000,0x00000000d5580000,0x00000000d6a00000)
  from space 2560K, 96% used [0x00000000d6d80000,0x00000000d6fe8010,0x00000000d7000000)
  to   space 3072K, 0% used [0x00000000d6a00000,0x00000000d6a00000,0x00000000d6d00000)
 ParOldGen       total 68608K, used 23244K [0x0000000080000000, 0x0000000084300000, 0x00000000d5580000)
  object space 68608K, 33% used [0x0000000080000000,0x00000000816b30b0,0x0000000084300000)
 Metaspace       used 32195K, committed 33088K, reserved 1114112K
  class space    used 3294K, committed 3712K, reserved 1048576K
}
Event: 8.081 GC heap before
{Heap before GC invocations=16 (full 1):
 PSYoungGen      total 23552K, used 23456K [0x00000000d5580000, 0x00000000d7000000, 0x0000000100000000)
  eden space 20992K, 100% used [0x00000000d5580000,0x00000000d6a00000,0x00000000d6a00000)
  from space 2560K, 96% used [0x00000000d6d80000,0x00000000d6fe8010,0x00000000d7000000)
  to   space 3072K, 0% used [0x00000000d6a00000,0x00000000d6a00000,0x00000000d6d00000)
 ParOldGen       total 68608K, used 23244K [0x0000000080000000, 0x0000000084300000, 0x00000000d5580000)
  object space 68608K, 33% used [0x0000000080000000,0x00000000816b30b0,0x0000000084300000)
 Metaspace       used 32278K, committed 33152K, reserved 1114112K
  class space    used 3294K, committed 3712K, reserved 1048576K
}
Event: 8.083 GC heap after
{Heap after GC invocations=16 (full 1):
 PSYoungGen      total 23552K, used 2144K [0x00000000d5580000, 0x00000000d6f00000, 0x0000000100000000)
  eden space 20992K, 0% used [0x00000000d5580000,0x00000000d5580000,0x00000000d6a00000)
  from space 2560K, 83% used [0x00000000d6a00000,0x00000000d6c18000,0x00000000d6c80000)
  to   space 2560K, 0% used [0x00000000d6c80000,0x00000000d6c80000,0x00000000d6f00000)
 ParOldGen       total 68608K, used 25620K [0x0000000080000000, 0x0000000084300000, 0x00000000d5580000)
  object space 68608K, 37% used [0x0000000080000000,0x00000000819050c0,0x0000000084300000)
 Metaspace       used 32278K, committed 33152K, reserved 1114112K
  class space    used 3294K, committed 3712K, reserved 1048576K
}
Event: 8.251 GC heap before
{Heap before GC invocations=17 (full 1):
 PSYoungGen      total 23552K, used 23136K [0x00000000d5580000, 0x00000000d6f00000, 0x0000000100000000)
  eden space 20992K, 100% used [0x00000000d5580000,0x00000000d6a00000,0x00000000d6a00000)
  from space 2560K, 83% used [0x00000000d6a00000,0x00000000d6c18000,0x00000000d6c80000)
  to   space 2560K, 0% used [0x00000000d6c80000,0x00000000d6c80000,0x00000000d6f00000)
 ParOldGen       total 68608K, used 25620K [0x0000000080000000, 0x0000000084300000, 0x00000000d5580000)
  object space 68608K, 37% used [0x0000000080000000,0x00000000819050c0,0x0000000084300000)
 Metaspace       used 34125K, committed 35072K, reserved 1114112K
  class space    used 3526K, committed 3968K, reserved 1048576K
}
Event: 8.253 GC heap after
{Heap after GC invocations=17 (full 1):
 PSYoungGen      total 22528K, used 1477K [0x00000000d5580000, 0x00000000d6e00000, 0x0000000100000000)
  eden space 20992K, 0% used [0x00000000d5580000,0x00000000d5580000,0x00000000d6a00000)
  from space 1536K, 96% used [0x00000000d6c80000,0x00000000d6df1568,0x00000000d6e00000)
  to   space 2048K, 0% used [0x00000000d6a00000,0x00000000d6a00000,0x00000000d6c00000)
 ParOldGen       total 68608K, used 27660K [0x0000000080000000, 0x0000000084300000, 0x00000000d5580000)
  object space 68608K, 40% used [0x0000000080000000,0x0000000081b032c0,0x0000000084300000)
 Metaspace       used 34125K, committed 35072K, reserved 1114112K
  class space    used 3526K, committed 3968K, reserved 1048576K
}
Event: 8.386 GC heap before
{Heap before GC invocations=18 (full 1):
 PSYoungGen      total 22528K, used 21418K [0x00000000d5580000, 0x00000000d6e00000, 0x0000000100000000)
  eden space 20992K, 94% used [0x00000000d5580000,0x00000000d68f9340,0x00000000d6a00000)
  from space 1536K, 96% used [0x00000000d6c80000,0x00000000d6df1568,0x00000000d6e00000)
  to   space 2048K, 0% used [0x00000000d6a00000,0x00000000d6a00000,0x00000000d6c00000)
 ParOldGen       total 68608K, used 27660K [0x0000000080000000, 0x0000000084300000, 0x00000000d5580000)
  object space 68608K, 40% used [0x0000000080000000,0x0000000081b032c0,0x0000000084300000)
 Metaspace       used 34957K, committed 35840K, reserved 1114112K
  class space    used 3637K, committed 4032K, reserved 1048576K
}
Event: 8.387 GC heap after
{Heap after GC invocations=18 (full 1):
 PSYoungGen      total 23040K, used 448K [0x00000000d5580000, 0x00000000d6d00000, 0x0000000100000000)
  eden space 20992K, 0% used [0x00000000d5580000,0x00000000d5580000,0x00000000d6a00000)
  from space 2048K, 21% used [0x00000000d6a00000,0x00000000d6a70010,0x00000000d6c00000)
  to   space 1024K, 0% used [0x00000000d6c00000,0x00000000d6c00000,0x00000000d6d00000)
 ParOldGen       total 68608K, used 28926K [0x0000000080000000, 0x0000000084300000, 0x00000000d5580000)
  object space 68608K, 42% used [0x0000000080000000,0x0000000081c3fae0,0x0000000084300000)
 Metaspace       used 34957K, committed 35840K, reserved 1114112K
  class space    used 3637K, committed 4032K, reserved 1048576K
}
Event: 8.387 GC heap before
{Heap before GC invocations=19 (full 2):
 PSYoungGen      total 23040K, used 448K [0x00000000d5580000, 0x00000000d6d00000, 0x0000000100000000)
  eden space 20992K, 0% used [0x00000000d5580000,0x00000000d5580000,0x00000000d6a00000)
  from space 2048K, 21% used [0x00000000d6a00000,0x00000000d6a70010,0x00000000d6c00000)
  to   space 1024K, 0% used [0x00000000d6c00000,0x00000000d6c00000,0x00000000d6d00000)
 ParOldGen       total 68608K, used 28926K [0x0000000080000000, 0x0000000084300000, 0x00000000d5580000)
  object space 68608K, 42% used [0x0000000080000000,0x0000000081c3fae0,0x0000000084300000)
 Metaspace       used 34957K, committed 35840K, reserved 1114112K
  class space    used 3637K, committed 4032K, reserved 1048576K
}
Event: 8.417 GC heap after
{Heap after GC invocations=19 (full 2):
 PSYoungGen      total 23040K, used 0K [0x00000000d5580000, 0x00000000d6d00000, 0x0000000100000000)
  eden space 20992K, 0% used [0x00000000d5580000,0x00000000d5580000,0x00000000d6a00000)
  from space 2048K, 0% used [0x00000000d6a00000,0x00000000d6a00000,0x00000000d6c00000)
  to   space 1024K, 0% used [0x00000000d6c00000,0x00000000d6c00000,0x00000000d6d00000)
 ParOldGen       total 68608K, used 28031K [0x0000000080000000, 0x0000000084300000, 0x00000000d5580000)
  object space 68608K, 40% used [0x0000000080000000,0x0000000081b5fe28,0x0000000084300000)
 Metaspace       used 34882K, committed 35840K, reserved 1114112K
  class space    used 3616K, committed 4032K, reserved 1048576K
}
Event: 8.520 GC heap before
{Heap before GC invocations=20 (full 2):
 PSYoungGen      total 23040K, used 20968K [0x00000000d5580000, 0x00000000d6d00000, 0x0000000100000000)
  eden space 20992K, 99% used [0x00000000d5580000,0x00000000d69fa370,0x00000000d6a00000)
  from space 2048K, 0% used [0x00000000d6a00000,0x00000000d6a00000,0x00000000d6c00000)
  to   space 1024K, 0% used [0x00000000d6c00000,0x00000000d6c00000,0x00000000d6d00000)
 ParOldGen       total 68608K, used 28031K [0x0000000080000000, 0x0000000084300000, 0x00000000d5580000)
  object space 68608K, 40% used [0x0000000080000000,0x0000000081b5fe28,0x0000000084300000)
 Metaspace       used 35903K, committed 36864K, reserved 1114112K
  class space    used 3713K, committed 4160K, reserved 1048576K
}
Event: 8.522 GC heap after
{Heap after GC invocations=20 (full 2):
 PSYoungGen      total 22016K, used 1021K [0x00000000d5580000, 0x00000000d6e00000, 0x0000000100000000)
  eden space 20992K, 0% used [0x00000000d5580000,0x00000000d5580000,0x00000000d6a00000)
  from space 1024K, 99% used [0x00000000d6c00000,0x00000000d6cff688,0x00000000d6d00000)
  to   space 2048K, 0% used [0x00000000d6a00000,0x00000000d6a00000,0x00000000d6c00000)
 ParOldGen       total 68608K, used 28534K [0x0000000080000000, 0x0000000084300000, 0x00000000d5580000)
  object space 68608K, 41% used [0x0000000080000000,0x0000000081bdd9a0,0x0000000084300000)
 Metaspace       used 35903K, committed 36864K, reserved 1114112K
  class space    used 3713K, committed 4160K, reserved 1048576K
}
Event: 8.555 GC heap before
{Heap before GC invocations=21 (full 2):
 PSYoungGen      total 22016K, used 22013K [0x00000000d5580000, 0x00000000d6e00000, 0x0000000100000000)
  eden space 20992K, 100% used [0x00000000d5580000,0x00000000d6a00000,0x00000000d6a00000)
  from space 1024K, 99% used [0x00000000d6c00000,0x00000000d6cff688,0x00000000d6d00000)
  to   space 2048K, 0% used [0x00000000d6a00000,0x00000000d6a00000,0x00000000d6c00000)
 ParOldGen       total 68608K, used 28534K [0x0000000080000000, 0x0000000084300000, 0x00000000d5580000)
  object space 68608K, 41% used [0x0000000080000000,0x0000000081bdd9a0,0x0000000084300000)
 Metaspace       used 35918K, committed 36864K, reserved 1114112K
  class space    used 3713K, committed 4160K, reserved 1048576K
}
Event: 8.556 GC heap after
{Heap after GC invocations=21 (full 2):
 PSYoungGen      total 22528K, used 1140K [0x00000000d5580000, 0x00000000d6d00000, 0x0000000100000000)
  eden space 20992K, 0% used [0x00000000d5580000,0x00000000d5580000,0x00000000d6a00000)
  from space 1536K, 74% used [0x00000000d6a00000,0x00000000d6b1d108,0x00000000d6b80000)
  to   space 1536K, 0% used [0x00000000d6b80000,0x00000000d6b80000,0x00000000d6d00000)
 ParOldGen       total 68608K, used 29608K [0x0000000080000000, 0x0000000084300000, 0x00000000d5580000)
  object space 68608K, 43% used [0x0000000080000000,0x0000000081cea390,0x0000000084300000)
 Metaspace       used 35918K, committed 36864K, reserved 1114112K
  class space    used 3713K, committed 4160K, reserved 1048576K
}

