# JRE version: OpenJDK Runtime Environment Temurin-21.0.9+10 (21.0.9+10) (build 21.0.9+10-LTS)
# Java VM: OpenJDK 64-Bit Server VM Temurin-21.0.9+10 (21.0.9+10-LTS, mixed mode, sharing, tiered, compressed oops, compressed class ptrs, parallel gc, windows-amd64)
GC Precious Log:
 CardTable entry size: 512
 CPUs: 12 total, 12 available
 Memory: 16181M
 Large Page Support: Disabled
 NUMA Support: Disabled
 Compressed Oops: Enabled (32-bit)
 Alignments: Space 512K, Generation 512K, Heap 2M
 Heap Min Capacity: 100M
 Heap Initial Capacity: 100M
 Heap Max Capacity: 2G
 Pre-touch: Disabled
 Parallel Workers: 10
Heap:
 PSYoungGen      total 14336K, used 11094K [0x00000000d5580000, 0x00000000d6b80000, 0x0000000100000000)
  eden space 13312K, 75% used [0x00000000d5580000,0x00000000d5f5d6f8,0x00000000d6280000)
  from space 1024K, 96% used [0x00000000d6780000,0x00000000d6878378,0x00000000d6880000)
  to   space 4608K, 0% used [0x00000000d6280000,0x00000000d6280000,0x00000000d6700000)
 ParOldGen       total 121856K, used 121616K [0x0000000080000000, 0x0000000087700000, 0x00000000d5580000)
  object space 121856K, 99% used [0x0000000080000000,0x00000000876c4070,0x0000000087700000)
 Metaspace       used 68187K, committed 69760K, reserved 1114112K
  class space    used 7375K, committed 8064K, reserved 1048576K
GC Heap History (20 events):
Event: 6.349 GC heap before
{Heap before GC invocations=40 (full 3):
 PSYoungGen      total 23040K, used 23038K [0x00000000d5580000, 0x00000000d7e80000, 0x0000000100000000)
  eden space 13312K, 100% used [0x00000000d5580000,0x00000000d6280000,0x00000000d6280000)
  from space 9728K, 99% used [0x00000000d6f00000,0x00000000d787f8a8,0x00000000d7880000)
  to   space 12800K, 0% used [0x00000000d6280000,0x00000000d6280000,0x00000000d6f00000)
 ParOldGen       total 83456K, used 83373K [0x0000000080000000, 0x0000000085180000, 0x00000000d5580000)
  object space 83456K, 99% used [0x0000000080000000,0x000000008516b780,0x0000000085180000)
 Metaspace       used 59890K, committed 61376K, reserved 1114112K
  class space    used 6507K, committed 7104K, reserved 1048576K
}
Event: 6.355 GC heap after
{Heap after GC invocations=40 (full 3):
 PSYoungGen      total 21504K, used 8192K [0x00000000d5580000, 0x00000000d7580000, 0x0000000100000000)
  eden space 13312K, 0% used [0x00000000d5580000,0x00000000d5580000,0x00000000d6280000)
  from space 8192K, 100% used [0x00000000d6280000,0x00000000d6a80000,0x00000000d6a80000)
  to   space 9728K, 0% used [0x00000000d6c00000,0x00000000d6c00000,0x00000000d7580000)
 ParOldGen       total 93184K, used 93116K [0x0000000080000000, 0x0000000085b00000, 0x00000000d5580000)
  object space 93184K, 99% used [0x0000000080000000,0x0000000085aef240,0x0000000085b00000)
 Metaspace       used 59890K, committed 61376K, reserved 1114112K
  class space    used 6507K, committed 7104K, reserved 1048576K
}
Event: 6.377 GC heap before
{Heap before GC invocations=41 (full 3):
 PSYoungGen      total 21504K, used 21504K [0x00000000d5580000, 0x00000000d7580000, 0x0000000100000000)
  eden space 13312K, 100% used [0x00000000d5580000,0x00000000d6280000,0x00000000d6280000)
  from space 8192K, 100% used [0x00000000d6280000,0x00000000d6a80000,0x00000000d6a80000)
  to   space 9728K, 0% used [0x00000000d6c00000,0x00000000d6c00000,0x00000000d7580000)
 ParOldGen       total 93184K, used 93116K [0x0000000080000000, 0x0000000085b00000, 0x00000000d5580000)
  object space 93184K, 99% used [0x0000000080000000,0x0000000085aef240,0x0000000085b00000)
 Metaspace       used 60037K, committed 61504K, reserved 1114112K
  class space    used 6519K, committed 7104K, reserved 1048576K
}
Event: 6.383 GC heap after
{Heap after GC invocations=41 (full 3):
 PSYoungGen      total 22016K, used 8448K [0x00000000d5580000, 0x00000000d7480000, 0x0000000100000000)
  eden space 13312K, 0% used [0x00000000d5580000,0x00000000d5580000,0x00000000d6280000)
  from space 8704K, 97% used [0x00000000d6c00000,0x00000000d7440010,0x00000000d7480000)
  to   space 8704K, 0% used [0x00000000d6380000,0x00000000d6380000,0x00000000d6c00000)
 ParOldGen       total 101376K, used 101207K [0x0000000080000000, 0x0000000086300000, 0x00000000d5580000)
  object space 101376K, 99% used [0x0000000080000000,0x00000000862d5d88,0x0000000086300000)
 Metaspace       used 60037K, committed 61504K, reserved 1114112K
  class space    used 6519K, committed 7104K, reserved 1048576K
}
Event: 6.420 GC heap before
{Heap before GC invocations=42 (full 3):
 PSYoungGen      total 22016K, used 21759K [0x00000000d5580000, 0x00000000d7480000, 0x0000000100000000)
  eden space 13312K, 99% used [0x00000000d5580000,0x00000000d627ffe8,0x00000000d6280000)
  from space 8704K, 97% used [0x00000000d6c00000,0x00000000d7440010,0x00000000d7480000)
  to   space 8704K, 0% used [0x00000000d6380000,0x00000000d6380000,0x00000000d6c00000)
 ParOldGen       total 101376K, used 101207K [0x0000000080000000, 0x0000000086300000, 0x00000000d5580000)
  object space 101376K, 99% used [0x0000000080000000,0x00000000862d5d88,0x0000000086300000)
 Metaspace       used 60345K, committed 61824K, reserved 1114112K
  class space    used 6549K, committed 7168K, reserved 1048576K
}
Event: 6.427 GC heap after
{Heap after GC invocations=42 (full 3):
 PSYoungGen      total 19968K, used 6625K [0x00000000d5580000, 0x00000000d7180000, 0x0000000100000000)
  eden space 13312K, 0% used [0x00000000d5580000,0x00000000d5580000,0x00000000d6280000)
  from space 6656K, 99% used [0x00000000d6380000,0x00000000d69f86f0,0x00000000d6a00000)
  to   space 7680K, 0% used [0x00000000d6a00000,0x00000000d6a00000,0x00000000d7180000)
 ParOldGen       total 109568K, used 109487K [0x0000000080000000, 0x0000000086b00000, 0x00000000d5580000)
  object space 109568K, 99% used [0x0000000080000000,0x0000000086aebd88,0x0000000086b00000)
 Metaspace       used 60345K, committed 61824K, reserved 1114112K
  class space    used 6549K, committed 7168K, reserved 1048576K
}
Event: 6.541 GC heap before
{Heap before GC invocations=43 (full 3):
 PSYoungGen      total 19968K, used 19937K [0x00000000d5580000, 0x00000000d7180000, 0x0000000100000000)
  eden space 13312K, 100% used [0x00000000d5580000,0x00000000d6280000,0x00000000d6280000)
  from space 6656K, 99% used [0x00000000d6380000,0x00000000d69f86f0,0x00000000d6a00000)
  to   space 7680K, 0% used [0x00000000d6a00000,0x00000000d6a00000,0x00000000d7180000)
 ParOldGen       total 109568K, used 109487K [0x0000000080000000, 0x0000000086b00000, 0x00000000d5580000)
  object space 109568K, 99% used [0x0000000080000000,0x0000000086aebd88,0x0000000086b00000)
 Metaspace       used 61606K, committed 63040K, reserved 1114112K
  class space    used 6676K, committed 7296K, reserved 1048576K
}
Event: 6.546 GC heap after
{Heap after GC invocations=43 (full 3):
 PSYoungGen      total 14848K, used 1423K [0x00000000d5580000, 0x00000000d6b80000, 0x0000000100000000)
  eden space 13312K, 0% used [0x00000000d5580000,0x00000000d5580000,0x00000000d6280000)
  from space 1536K, 92% used [0x00000000d6a00000,0x00000000d6b63d40,0x00000000d6b80000)
  to   space 3584K, 0% used [0x00000000d6480000,0x00000000d6480000,0x00000000d6800000)
 ParOldGen       total 115200K, used 115167K [0x0000000080000000, 0x0000000087080000, 0x00000000d5580000)
  object space 115200K, 99% used [0x0000000080000000,0x0000000087077d88,0x0000000087080000)
 Metaspace       used 61606K, committed 63040K, reserved 1114112K
  class space    used 6676K, committed 7296K, reserved 1048576K
}
Event: 6.687 GC heap before
{Heap before GC invocations=44 (full 3):
 PSYoungGen      total 14848K, used 14735K [0x00000000d5580000, 0x00000000d6b80000, 0x0000000100000000)
  eden space 13312K, 100% used [0x00000000d5580000,0x00000000d6280000,0x00000000d6280000)
  from space 1536K, 92% used [0x00000000d6a00000,0x00000000d6b63d40,0x00000000d6b80000)
  to   space 3584K, 0% used [0x00000000d6480000,0x00000000d6480000,0x00000000d6800000)
 ParOldGen       total 115200K, used 115167K [0x0000000080000000, 0x0000000087080000, 0x00000000d5580000)
  object space 115200K, 99% used [0x0000000080000000,0x0000000087077d88,0x0000000087080000)
 Metaspace       used 62319K, committed 63808K, reserved 1114112K
  class space    used 6729K, committed 7360K, reserved 1048576K
}
Event: 6.689 GC heap after
{Heap after GC invocations=44 (full 3):
 PSYoungGen      total 16896K, used 1857K [0x00000000d5580000, 0x00000000d6a80000, 0x0000000100000000)
  eden space 13312K, 0% used [0x00000000d5580000,0x00000000d5580000,0x00000000d6280000)
  from space 3584K, 51% used [0x00000000d6480000,0x00000000d6650480,0x00000000d6800000)
  to   space 2048K, 0% used [0x00000000d6880000,0x00000000d6880000,0x00000000d6a80000)
 ParOldGen       total 116224K, used 116125K [0x0000000080000000, 0x0000000087180000, 0x00000000d5580000)
  object space 116224K, 99% used [0x0000000080000000,0x0000000087167588,0x0000000087180000)
 Metaspace       used 62319K, committed 63808K, reserved 1114112K
  class space    used 6729K, committed 7360K, reserved 1048576K
}
Event: 6.840 GC heap before
{Heap before GC invocations=45 (full 3):
 PSYoungGen      total 16896K, used 15169K [0x00000000d5580000, 0x00000000d6a80000, 0x0000000100000000)
  eden space 13312K, 100% used [0x00000000d5580000,0x00000000d6280000,0x00000000d6280000)
  from space 3584K, 51% used [0x00000000d6480000,0x00000000d6650480,0x00000000d6800000)
  to   space 2048K, 0% used [0x00000000d6880000,0x00000000d6880000,0x00000000d6a80000)
 ParOldGen       total 116224K, used 116125K [0x0000000080000000, 0x0000000087180000, 0x00000000d5580000)
  object space 116224K, 99% used [0x0000000080000000,0x0000000087167588,0x0000000087180000)
 Metaspace       used 63153K, committed 64704K, reserved 1114112K
  class space    used 6812K, committed 7488K, reserved 1048576K
}
Event: 6.841 GC heap after
{Heap after GC invocations=45 (full 3):
 PSYoungGen      total 15360K, used 1578K [0x00000000d5580000, 0x00000000d6a80000, 0x0000000100000000)
  eden space 13312K, 0% used [0x00000000d5580000,0x00000000d5580000,0x00000000d6280000)
  from space 2048K, 77% used [0x00000000d6880000,0x00000000d6a0a880,0x00000000d6a80000)
  to   space 2048K, 0% used [0x00000000d6680000,0x00000000d6680000,0x00000000d6880000)
 ParOldGen       total 117760K, used 117536K [0x0000000080000000, 0x0000000087300000, 0x00000000d5580000)
  object space 117760K, 99% used [0x0000000080000000,0x00000000872c81d8,0x0000000087300000)
 Metaspace       used 63153K, committed 64704K, reserved 1114112K
  class space    used 6812K, committed 7488K, reserved 1048576K
}
Event: 7.313 GC heap before
{Heap before GC invocations=46 (full 3):
 PSYoungGen      total 15360K, used 14890K [0x00000000d5580000, 0x00000000d6a80000, 0x0000000100000000)
  eden space 13312K, 100% used [0x00000000d5580000,0x00000000d6280000,0x00000000d6280000)
  from space 2048K, 77% used [0x00000000d6880000,0x00000000d6a0a880,0x00000000d6a80000)
  to   space 2048K, 0% used [0x00000000d6680000,0x00000000d6680000,0x00000000d6880000)
 ParOldGen       total 117760K, used 117536K [0x0000000080000000, 0x0000000087300000, 0x00000000d5580000)
  object space 117760K, 99% used [0x0000000080000000,0x00000000872c81d8,0x0000000087300000)
 Metaspace       used 64538K, committed 66048K, reserved 1114112K
  class space    used 6932K, committed 7616K, reserved 1048576K
}
Event: 7.314 GC heap after
{Heap after GC invocations=46 (full 3):
 PSYoungGen      total 14336K, used 633K [0x00000000d5580000, 0x00000000d6900000, 0x0000000100000000)
  eden space 13312K, 0% used [0x00000000d5580000,0x00000000d5580000,0x00000000d6280000)
  from space 1024K, 61% used [0x00000000d6680000,0x00000000d671e490,0x00000000d6780000)
  to   space 1024K, 0% used [0x00000000d6800000,0x00000000d6800000,0x00000000d6900000)
 ParOldGen       total 118272K, used 117968K [0x0000000080000000, 0x0000000087380000, 0x00000000d5580000)
  object space 118272K, 99% used [0x0000000080000000,0x00000000873341d8,0x0000000087380000)
 Metaspace       used 64538K, committed 66048K, reserved 1114112K
  class space    used 6932K, committed 7616K, reserved 1048576K
}
Event: 7.439 GC heap before
{Heap before GC invocations=47 (full 3):
 PSYoungGen      total 14336K, used 13945K [0x00000000d5580000, 0x00000000d6900000, 0x0000000100000000)
  eden space 13312K, 100% used [0x00000000d5580000,0x00000000d6280000,0x00000000d6280000)
  from space 1024K, 61% used [0x00000000d6680000,0x00000000d671e490,0x00000000d6780000)
  to   space 1024K, 0% used [0x00000000d6800000,0x00000000d6800000,0x00000000d6900000)
 ParOldGen       total 118272K, used 117968K [0x0000000080000000, 0x0000000087380000, 0x00000000d5580000)
  object space 118272K, 99% used [0x0000000080000000,0x00000000873341d8,0x0000000087380000)
 Metaspace       used 66134K, committed 67648K, reserved 1114112K
  class space    used 7151K, committed 7808K, reserved 1048576K
}
Event: 7.440 GC heap after
{Heap after GC invocations=47 (full 3):
 PSYoungGen      total 14336K, used 545K [0x00000000d5580000, 0x00000000d6900000, 0x0000000100000000)
  eden space 13312K, 0% used [0x00000000d5580000,0x00000000d5580000,0x00000000d6280000)
  from space 1024K, 53% used [0x00000000d6800000,0x00000000d68885d8,0x00000000d6900000)
  to   space 1024K, 0% used [0x00000000d6680000,0x00000000d6680000,0x00000000d6780000)
 ParOldGen       total 118784K, used 118416K [0x0000000080000000, 0x0000000087400000, 0x00000000d5580000)
  object space 118784K, 99% used [0x0000000080000000,0x00000000873a40b8,0x0000000087400000)
 Metaspace       used 66134K, committed 67648K, reserved 1114112K
  class space    used 7151K, committed 7808K, reserved 1048576K
}
Event: 8.259 GC heap before
{Heap before GC invocations=48 (full 3):
 PSYoungGen      total 14336K, used 13857K [0x00000000d5580000, 0x00000000d6900000, 0x0000000100000000)
  eden space 13312K, 100% used [0x00000000d5580000,0x00000000d6280000,0x00000000d6280000)
  from space 1024K, 53% used [0x00000000d6800000,0x00000000d68885d8,0x00000000d6900000)
  to   space 1024K, 0% used [0x00000000d6680000,0x00000000d6680000,0x00000000d6780000)
 ParOldGen       total 118784K, used 118416K [0x0000000080000000, 0x0000000087400000, 0x00000000d5580000)
  object space 118784K, 99% used [0x0000000080000000,0x00000000873a40b8,0x0000000087400000)
 Metaspace       used 67270K, committed 68864K, reserved 1114112K
  class space    used 7320K, committed 8000K, reserved 1048576K
}
Event: 8.261 GC heap after
{Heap after GC invocations=48 (full 3):
 PSYoungGen      total 14336K, used 480K [0x00000000d5580000, 0x00000000d6880000, 0x0000000100000000)
  eden space 13312K, 0% used [0x00000000d5580000,0x00000000d5580000,0x00000000d6280000)
  from space 1024K, 46% used [0x00000000d6680000,0x00000000d66f8000,0x00000000d6780000)
  to   space 1024K, 0% used [0x00000000d6780000,0x00000000d6780000,0x00000000d6880000)
 ParOldGen       total 118784K, used 118769K [0x0000000080000000, 0x0000000087400000, 0x00000000d5580000)
  object space 118784K, 99% used [0x0000000080000000,0x00000000873fc6b0,0x0000000087400000)
 Metaspace       used 67270K, committed 68864K, reserved 1114112K
  class space    used 7320K, committed 8000K, reserved 1048576K
}
Event: 56.722 GC heap before
{Heap before GC invocations=49 (full 3):
 PSYoungGen      total 14336K, used 13791K [0x00000000d5580000, 0x00000000d6880000, 0x0000000100000000)
  eden space 13312K, 99% used [0x00000000d5580000,0x00000000d627fff8,0x00000000d6280000)
  from space 1024K, 46% used [0x00000000d6680000,0x00000000d66f8000,0x00000000d6780000)
  to   space 1024K, 0% used [0x00000000d6780000,0x00000000d6780000,0x00000000d6880000)
 ParOldGen       total 118784K, used 118769K [0x0000000080000000, 0x0000000087400000, 0x00000000d5580000)
  object space 118784K, 99% used [0x0000000080000000,0x00000000873fc6b0,0x0000000087400000)
 Metaspace       used 67804K, committed 69312K, reserved 1114112K
  class space    used 7358K, committed 8000K, reserved 1048576K
}
Event: 56.724 GC heap after
{Heap after GC invocations=49 (full 3):
 PSYoungGen      total 14336K, used 992K [0x00000000d5580000, 0x00000000d6b80000, 0x0000000100000000)
  eden space 13312K, 0% used [0x00000000d5580000,0x00000000d5580000,0x00000000d6280000)
  from space 1024K, 96% used [0x00000000d6780000,0x00000000d6878378,0x00000000d6880000)
  to   space 4608K, 0% used [0x00000000d6280000,0x00000000d6280000,0x00000000d6700000)
 ParOldGen       total 121856K, used 121616K [0x0000000080000000, 0x0000000087700000, 0x00000000d5580000)
  object space 121856K, 99% used [0x0000000080000000,0x00000000876c4070,0x0000000087700000)
 Metaspace       used 67804K, committed 69312K, reserved 1114112K
  class space    used 7358K, committed 8000K, reserved 1048576K
}

